<?xml version="1.0" encoding="UTF-8"?>
<!-- Generated by org.testng.reporters.JUnitReportReporter -->
<testsuite hostname="Alans-MacBook-Air.local" failures="0" tests="38" name="com.finalproject.Request01PostUserAuth" time="1.491" errors="0" timestamp="2024-07-16T14:44:24 EDT" skipped="3">
  <testcase classname="com.finalproject.Request01PostUserAuth" name="getLoanEligibility" time="0.026"/>
  <system-out/>
  <testcase classname="com.finalproject.Request01PostUserAuth" name="postReqUserAuth" time="0.013"/>
  <system-out/>
  <testcase classname="com.finalproject.Request01PostUserAuth" name="submitLoanApplication" time="0.027"/>
  <system-out/>
  <testcase classname="com.finalproject.Request01PostUserAuth" name="getCustomerInfo" time="0.017"/>
  <system-out/>
  <testcase classname="com.finalproject.Request01PostUserAuth" name="deleteLoanApplication" time="0.018"/>
  <system-out/>
  <testcase classname="com.finalproject.Request01PostUserAuth" name="getRiskAssessmentReport" time="0.020"/>
  <system-out/>
  <testcase classname="com.finalproject.Request01PostUserAuth" name="getLoanEligibility" time="0.013"/>
  <system-out/>
  <testcase classname="com.finalproject.Request01PostUserAuth" name="getCreditScore" time="0.047"/>
  <system-out/>
  <testcase classname="com.finalproject.Request01PostUserAuth" name="getCustomerInfo" time="0.044"/>
  <system-out/>
  <testcase classname="com.finalproject.Request01PostUserAuth" name="getCreditScore" time="0.024"/>
  <system-out/>
  <testcase classname="com.finalproject.Request01PostUserAuth" name="getRiskAssessmentReport" time="0.019"/>
  <system-out/>
  <testcase classname="com.finalproject.Request01PostUserAuth" name="submitLoanApplication" time="0.027"/>
  <system-out/>
  <testcase classname="com.finalproject.Request01PostUserAuth" name="getRiskAssessmentReport" time="0.019"/>
  <system-out/>
  <testcase classname="com.finalproject.Request01PostUserAuth" name="deleteLoanApplication" time="0.012"/>
  <system-out/>
  <testcase classname="com.finalproject.Request01PostUserAuth" name="getLoanEligibility" time="0.013"/>
  <system-out/>
  <testcase classname="com.finalproject.Request01PostUserAuth" name="deleteLoanApplication" time="0.013"/>
  <system-out/>
  <testcase classname="com.finalproject.Request01PostUserAuth" name="postReqUserAuth" time="0.011"/>
  <system-out/>
  <testcase classname="com.finalproject.Request01PostUserAuth" name="postReqUserAuth" time="0.013"/>
  <system-out/>
  <testcase classname="com.finalproject.Request01PostUserAuth" name="getLoanEligibility" time="0.021"/>
  <system-out/>
  <testcase classname="com.finalproject.Request01PostUserAuth" name="getCustomerInfo" time="0.014"/>
  <system-out/>
  <testcase classname="com.finalproject.Request01PostUserAuth" name="getCustomerInfo" time="0.014"/>
  <system-out/>
  <testcase classname="com.finalproject.Request01PostUserAuth" name="getCustomerInfo" time="0.013"/>
  <system-out/>
  <testcase classname="com.finalproject.Request01PostUserAuth" name="deleteLoanApplication" time="0.017"/>
  <system-out/>
  <testcase classname="com.finalproject.Request01PostUserAuth" name="getRiskAssessmentReport" time="0.019"/>
  <system-out/>
  <testcase classname="com.finalproject.Request01PostUserAuth" name="submitLoanApplication" time="0.031"/>
  <system-out/>
  <testcase classname="com.finalproject.Request01PostUserAuth" name="submitLoanApplication" time="0.023"/>
  <system-out/>
  <testcase classname="com.finalproject.Request01PostUserAuth" name="getCreditScore" time="0.026"/>
  <system-out/>
  <testcase classname="com.finalproject.Request01PostUserAuth" name="postReqUserAuth" time="0.011"/>
  <system-out/>
  <testcase classname="com.finalproject.Request01PostUserAuth" name="getRiskAssessmentReport" time="0.019"/>
  <system-out/>
  <testcase classname="com.finalproject.Request01PostUserAuth" name="postReqUserAuth" time="0.011"/>
  <system-out/>
  <testcase classname="com.finalproject.Request01PostUserAuth" name="getCreditScore" time="0.023"/>
  <system-out/>
  <testcase classname="com.finalproject.Request01PostUserAuth" name="getLoanEligibility" time="0.017"/>
  <system-out/>
  <testcase classname="com.finalproject.Request01PostUserAuth" name="deleteLoanApplication" time="0.012"/>
  <system-out/>
  <testcase classname="com.finalproject.Request01PostUserAuth" name="getCreditScore" time="0.038"/>
  <system-out/>
  <testcase classname="com.finalproject.Request01PostUserAuth" name="submitLoanApplication" time="0.806"/>
  <system-out/>
  <testcase classname="com.finalproject.Request01PostUserAuth" name="pullLoanApplicationStatus">
    <skipped/>
  </testcase> <!-- pullLoanApplicationStatus -->
  <system-out/>
  <testcase classname="com.finalproject.Request01PostUserAuth" name="rejectLoanApplication">
    <skipped/>
  </testcase> <!-- rejectLoanApplication -->
  <system-out/>
  <testcase classname="com.finalproject.Request01PostUserAuth" name="approveLoanApplication">
    <skipped/>
  </testcase> <!-- approveLoanApplication -->
  <system-out/>
</testsuite> <!-- com.finalproject.Request01PostUserAuth -->
