<?xml version="1.0" encoding="UTF-8"?>
<!-- Generated by org.testng.reporters.JUnitReportReporter -->
<testsuite hostname="Alans-MacBook-Air.local" failures="0" tests="55" name="com.finalproject.loanAPITests" time="1.404" errors="0" timestamp="2024-07-16T17:40:47 EDT" skipped="0">
  <testcase classname="com.finalproject.loanAPITests" name="getCreditScore" time="0.022"/>
  <system-out/>
  <testcase classname="com.finalproject.loanAPITests" name="getCreditScore" time="0.027"/>
  <system-out/>
  <testcase classname="com.finalproject.loanAPITests" name="rejectLoanApplication" time="0.012"/>
  <system-out/>
  <testcase classname="com.finalproject.loanAPITests" name="pullLoanApplicationStatus" time="0.012"/>
  <system-out/>
  <testcase classname="com.finalproject.loanAPITests" name="getLoanEligibility" time="0.017"/>
  <system-out/>
  <testcase classname="com.finalproject.loanAPITests" name="postReqUserAuth" time="0.019"/>
  <system-out/>
  <testcase classname="com.finalproject.loanAPITests" name="getCreditScore" time="0.021"/>
  <system-out/>
  <testcase classname="com.finalproject.loanAPITests" name="deleteLoanApplication" time="0.010"/>
  <system-out/>
  <testcase classname="com.finalproject.loanAPITests" name="submitLoanApplication" time="0.014"/>
  <system-out/>
  <testcase classname="com.finalproject.loanAPITests" name="rejectLoanApplication" time="0.010"/>
  <system-out/>
  <testcase classname="com.finalproject.loanAPITests" name="approveLoanApplication" time="0.011"/>
  <system-out/>
  <testcase classname="com.finalproject.loanAPITests" name="deleteLoanApplication" time="0.009"/>
  <system-out/>
  <testcase classname="com.finalproject.loanAPITests" name="rejectLoanApplication" time="0.012"/>
  <system-out/>
  <testcase classname="com.finalproject.loanAPITests" name="approveLoanApplication" time="0.011"/>
  <system-out/>
  <testcase classname="com.finalproject.loanAPITests" name="getRiskAssessmentReport" time="0.019"/>
  <system-out/>
  <testcase classname="com.finalproject.loanAPITests" name="getRiskAssessmentReport" time="0.020"/>
  <system-out/>
  <testcase classname="com.finalproject.loanAPITests" name="submitLoanApplication" time="0.020"/>
  <system-out/>
  <testcase classname="com.finalproject.loanAPITests" name="submitLoanApplication" time="0.012"/>
  <system-out/>
  <testcase classname="com.finalproject.loanAPITests" name="getCustomerInfo" time="0.012"/>
  <system-out/>
  <testcase classname="com.finalproject.loanAPITests" name="getLoanEligibility" time="0.013"/>
  <system-out/>
  <testcase classname="com.finalproject.loanAPITests" name="deleteLoanApplication" time="0.018"/>
  <system-out/>
  <testcase classname="com.finalproject.loanAPITests" name="getCreditScore" time="0.025"/>
  <system-out/>
  <testcase classname="com.finalproject.loanAPITests" name="getRiskAssessmentReport" time="0.021"/>
  <system-out/>
  <testcase classname="com.finalproject.loanAPITests" name="rejectLoanApplication" time="0.012"/>
  <system-out/>
  <testcase classname="com.finalproject.loanAPITests" name="getLoanEligibility" time="0.013"/>
  <system-out/>
  <testcase classname="com.finalproject.loanAPITests" name="getCustomerInfo" time="0.016"/>
  <system-out/>
  <testcase classname="com.finalproject.loanAPITests" name="submitLoanApplication" time="0.017"/>
  <system-out/>
  <testcase classname="com.finalproject.loanAPITests" name="postReqUserAuth" time="0.014"/>
  <system-out/>
  <testcase classname="com.finalproject.loanAPITests" name="rejectLoanApplication" time="0.010"/>
  <system-out/>
  <testcase classname="com.finalproject.loanAPITests" name="pullLoanApplicationStatus" time="0.009"/>
  <system-out/>
  <testcase classname="com.finalproject.loanAPITests" name="deleteLoanApplication" time="0.011"/>
  <system-out/>
  <testcase classname="com.finalproject.loanAPITests" name="submitLoanApplication" time="0.014"/>
  <system-out/>
  <testcase classname="com.finalproject.loanAPITests" name="postReqUserAuth" time="0.019"/>
  <system-out/>
  <testcase classname="com.finalproject.loanAPITests" name="pullLoanApplicationStatus" time="0.012"/>
  <system-out/>
  <testcase classname="com.finalproject.loanAPITests" name="getLoanEligibility" time="0.013"/>
  <system-out/>
  <testcase classname="com.finalproject.loanAPITests" name="postReqUserAuth" time="0.024"/>
  <system-out/>
  <testcase classname="com.finalproject.loanAPITests" name="getCustomerInfo" time="0.023"/>
  <system-out/>
  <testcase classname="com.finalproject.loanAPITests" name="getLoanEligibility" time="0.013"/>
  <system-out/>
  <testcase classname="com.finalproject.loanAPITests" name="submitLoanApplication" time="0.014"/>
  <system-out/>
  <testcase classname="com.finalproject.loanAPITests" name="submitLoanApplication" time="0.012"/>
  <system-out/>
  <testcase classname="com.finalproject.loanAPITests" name="pullLoanApplicationStatus" time="0.011"/>
  <system-out/>
  <testcase classname="com.finalproject.loanAPITests" name="postReqUserAuth" time="0.590"/>
  <system-out/>
  <testcase classname="com.finalproject.loanAPITests" name="getCustomerInfo" time="0.014"/>
  <system-out/>
  <testcase classname="com.finalproject.loanAPITests" name="deleteLoanApplication" time="0.009"/>
  <system-out/>
  <testcase classname="com.finalproject.loanAPITests" name="approveLoanApplication" time="0.011"/>
  <system-out/>
  <testcase classname="com.finalproject.loanAPITests" name="getRiskAssessmentReport" time="0.022"/>
  <system-out/>
  <testcase classname="com.finalproject.loanAPITests" name="approveLoanApplication" time="0.009"/>
  <system-out/>
  <testcase classname="com.finalproject.loanAPITests" name="submitLoanApplication" time="0.012"/>
  <system-out/>
  <testcase classname="com.finalproject.loanAPITests" name="getCustomerInfo" time="0.015"/>
  <system-out/>
  <testcase classname="com.finalproject.loanAPITests" name="pullLoanApplicationStatus" time="0.010"/>
  <system-out/>
  <testcase classname="com.finalproject.loanAPITests" name="submitLoanApplication" time="0.013"/>
  <system-out/>
  <testcase classname="com.finalproject.loanAPITests" name="submitLoanApplication" time="0.013"/>
  <system-out/>
  <testcase classname="com.finalproject.loanAPITests" name="approveLoanApplication" time="0.010"/>
  <system-out/>
  <testcase classname="com.finalproject.loanAPITests" name="getCreditScore" time="0.020"/>
  <system-out/>
  <testcase classname="com.finalproject.loanAPITests" name="getRiskAssessmentReport" time="0.032"/>
  <system-out/>
</testsuite> <!-- com.finalproject.loanAPITests -->
